<?xml version="1.0" encoding="UTF-8"?>
<testng-results ignored="0" total="0" passed="0" failed="0" skipped="0">
  <reporter-output>
  </reporter-output>
  <suite started-at="2022-08-26T16:35:30 ICT" name="Regression" finished-at="2022-08-26T16:35:30 ICT" duration-ms="17">
    <groups>
    </groups>
    <test started-at="2022-08-26T16:35:30 ICT" name="iPhone 13" finished-at="2022-08-26T16:35:30 ICT" duration-ms="17">
    </test> <!-- iPhone 13 -->
    <test started-at="2022-08-26T16:35:30 ICT" name="iPhone 12" finished-at="2022-08-26T16:35:30 ICT" duration-ms="17">
    </test> <!-- iPhone 12 -->
  </suite> <!-- Regression -->
</testng-results>
