<?xml version="1.0" encoding="UTF-8"?>
<testng-results ignored="0" total="0" passed="0" failed="0" skipped="0">
  <reporter-output>
  </reporter-output>
  <suite started-at="2022-08-24T23:06:20 ICT" name="Regression" finished-at="2022-08-24T23:06:20 ICT" duration-ms="21">
    <groups>
    </groups>
    <test started-at="2022-08-24T23:06:20 ICT" name="emulator-5554" finished-at="2022-08-24T23:06:20 ICT" duration-ms="21">
    </test> <!-- emulator-5554 -->
    <test started-at="2022-08-24T23:06:20 ICT" name="9b776ad1" finished-at="2022-08-24T23:06:20 ICT" duration-ms="21">
    </test> <!-- 9b776ad1 -->
  </suite> <!-- Regression -->
</testng-results>
